2.86147
2.8658
3.1205
2.78738
3.04757
3.00917
2.53427
3.28922
2.49937
2.6346
2.72645
2.63378
2.69243
2.83591
2.47797
2.79471
2.56971
2.46508
2.26722
2.39728
2.34747
2.39398
2.78722
2.28817
2.32933
2.47887
2.10054
2.73641
2.70372
2.14122
2.2601
2.31415
2.21735
2.03106
2.07816
2.15949
2.23528
1.98571
1.8831
2.46412
2.39659
2.33015
2.03638
1.77684
1.66971
2.2753
2.00073
1.99526
1.78229
2.01315
2.07926
1.94633
1.92107
1.837
1.71955
1.77805
1.65983
1.76071
1.61816
1.68117
1.76754
1.6234
1.60907
1.66347
1.64161
1.69977
1.51135
1.53862
1.38633
1.58333
1.67975
1.6267
1.2478
1.62229
1.42167
1.32
1.35671
1.22255
1.32248
1.36097
1.51644
1.61602
1.45741
1.25479
1.25593
1.53976
1.28816
1.52236
1.23692
1.27334
1.13155
1.29928
1.25722
1.16176
1.26478
1.3145
1.15866
0.982992
1.23649
1.03562
1.04299
1.05026
1.20802
1.15002
1.02965
1.08601
1.06128
1.10699
1.08779
0.941277
1.1262
0.898101
0.98365
0.965646
1.03255
1.01361
0.932407
0.929231
0.927713
0.853316
0.863033
0.885745
0.889
0.86952
0.92194
0.950357
0.815413
0.930093
0.976533
0.783876
0.837306
0.776375
0.860238
0.861684
0.778584
0.790926
0.839603
0.845337
0.814056
0.747736
0.873199
0.746307
0.767416
0.751286
0.674287
0.769184
0.883062
0.672373
0.692087
0.858687
0.719442
0.637734
0.745677
0.726466
0.693387
0.614789
0.674361
0.729127
0.587245
0.692528
0.568273
0.626729
0.721824
0.506359
0.596035
0.667219
0.653953
0.626506
0.521783
0.600744
0.627601
0.578292
0.56992
0.622813
0.691547
0.56198
0.525682
0.526846
0.559922
0.566082
0.536027
0.513365
0.489425
0.599402
0.494415
0.521645
0.580996
0.47567
0.468031
0.439381
0.522672
0.451576
0.4377
0.449669
0.448961
0.447935
0.444426
0.450891
0.377783
0.461652
0.414581
0.424061
0.424489
0.415254
0.374944
0.42719
0.371306
0.388123
0.40139
0.436959
0.383032
0.3493
0.333474
0.352466
0.423076
0.380501
0.391337
0.346348
0.393283
0.32238
0.339722
0.326514
0.334165
0.358094
0.310176
0.319628
0.341014
0.341024
0.334447
0.272578
0.305415
0.31895
0.314867
0.322168
0.310479
0.327465
0.260243
0.303054
0.2987
0.317323
0.277671
0.285117
0.291966
0.279681
0.282819
0.285477
0.254066
0.245667
0.257485
0.295123
0.262654
0.249725
0.224789
0.275788
0.233887
0.233153
0.227072
0.270108
0.248159
0.23009
0.243329
0.215723
0.232689
0.246598
0.222406
0.228468
0.202421
0.213848
0.217284
0.20674
0.200444
0.223649
0.218196
0.194958
0.204752
0.214852
0.188951
0.201776
0.218793
0.179926
0.184093
0.165466
0.213466
0.189344
0.201835
0.203838
0.174114
0.164961
0.172504
0.176975
0.192383
0.196242
0.164662
0.203376
0.173288
0.157544
0.158757
0.156797
0.157731
0.152274
0.140107
0.143307
0.152883
0.143419
0.141894
0.167506
0.152562
0.148805
0.152957
0.158458
0.131447
0.152304
0.13256
0.124835
0.136976
0.154151
0.136531
0.144593
0.132189
0.129488
0.138504
0.14485
0.126719
0.129281
0.142733
0.132169
0.131191
0.106204
0.134605
0.115582
0.120189
0.118604
0.121432
0.133191
0.114915
0.118623
0.106756
0.104626
0.115442
0.100706
0.104698
0.106405
0.101539
0.0948295
0.10361
0.108306
0.0881856
0.0938932
0.108653
0.102784
0.0983175
0.0990962
0.0987055
0.0944439
0.1148
0.0980502
0.0916363
0.085939
0.0897746
0.0856449
0.0852847
0.088191
0.0877895
0.0965876
0.0752901
0.0858505
0.0941046
0.0789796
0.0835168
0.0778242
0.0753546
0.0733155
0.0757154
0.088764
0.0778673
0.065915
0.0658383
0.092484
0.077797
0.0669843
0.074674
0.0710154
0.0661396
0.0743863
0.062111
0.0745802
0.0771818
0.082992
0.0691344
0.0644225
0.0596819
0.067161
0.0692367
0.0703164
0.0576332
0.0593337
0.0698223
0.0647554
0.0629828
0.0598459
0.0568795
0.0643444
0.0658269
0.0544511
0.0610537
0.0576662
0.0557116
0.061373
0.0572364
0.0559909
0.0587762
0.0517024
0.0503811
0.0536398
0.0601957
0.0552612
0.0516665
0.0448126
0.0550879
0.0464906
0.0509697
0.0556113
0.0469433
0.0467267
0.0498626
0.0488887
0.0408856
0.0489887
0.0411458
0.0486562
0.0431913
0.045484
0.0367815
0.046527
0.0508633
0.0439401
0.0420741
0.0427853
0.0388268
0.0457242
0.042755
0.0442065
0.0425976
0.0403937
0.0395654
0.0339402
0.0474182
0.0435718
0.0389078
0.0413472
0.0374608
0.0356219
0.0384435
0.0368467
0.0364407
0.0333703
0.0349688
0.039473
0.0338963
0.0344676
0.0382487
0.0295511
0.0344705
0.0363544
0.0295685
0.0324139
0.0314175
0.0344668
0.0287117
0.0332181
0.0251183
0.0304281
0.0305577
0.0304354
0.0309304
0.0257889
0.0287127
0.0285449
0.0268293
0.025523
0.0301762
0.0285703
0.0229933
0.0281819
0.0257409
0.0266865
0.0261713
0.0269858
0.025107
0.0229354
0.0228279
0.0278989
0.023414
0.0298763
0.026624
0.0267214
0.0216415
0.0236383
0.0239542
0.025659
0.0226098
0.022587
0.0191042
0.0200406
0.0215381
0.0209408
0.024873
0.0213615
0.0211299
0.0191637
0.022505
0.0218119
0.0189145
0.0221707
0.0198891
0.0204569
0.0183467
0.0197043
0.0195288
0.0166421
0.0212819
0.0184381
0.0180722
0.0196112
0.0181063
0.0179044
0.0186285
0.0180413
0.0187527
0.016515
0.0165887
0.0178969
0.0157322
0.0159458
0.0150885
0.0156306
0.0153521
0.0168882
0.01369
0.0147229
0.0129494
0.0160924
0.0158248
0.0143156
0.0130564
0.0144934
0.0136943
0.015161
0.0141882
0.0138257
0.0148019
0.0130521
0.0141822
0.0145372
0.0135498
0.0124143
0.0136915
0.0119965
0.0114659
0.0144637
0.0141016
0.0124402
0.0104708
0.0124042
0.0114508
0.011363
0.0124237
0.0111547
0.0145654
0.0115026
0.0135156
0.0119941
0.0105558
0.0114403
0.0118141
0.0104061
0.0106136
0.0118728
0.0109915
0.00961611
0.0108139
0.0102184
0.0093642
0.00811528
0.00959348
0.0108873
0.0127872
0.0112021
0.00767729
0.0107295
0.00816762
0.0100302
0.00958347
0.0108158
0.00916787
0.00839057
0.00821565
0.00733167
0.00833286
0.00946514
0.00944606
0.00820369
0.00841776
0.0102087
0.00846955
0.00888865
0.00736279
0.00762264
0.00817444
0.00755231
0.00726696
0.00837502
0.00840948
0.00703075
0.00812211
0.00779929
0.0070643
0.0087407
0.00696091
0.00684559
0.00678491
0.00645575
0.00623962
0.00647339
0.00669954
0.00578982
0.00733095
0.00574782
0.00573346
0.00639068
0.00604688
0.00567244
0.00679681
0.00650968
0.00607613
0.00687359
0.00586234
0.00663807
0.00616852
0.00551745
0.00572174
0.00581008
0.00637869
0.0055845
0.00574544
0.00536693
0.00526137
0.00520487
0.00590427
0.00511242
0.00442372
0.00592551
0.00499656
0.0053952
0.00477868
0.00513458
0.00516248
0.00531666
0.00483555
0.00503453
0.00472404
0.00448184
0.00510341
0.00555926
0.00479808
0.00500167
0.00434731
0.0037735
0.00446974
0.00470955
0.00427031
0.00454594
0.00419961
0.00439987
0.00412139
0.00444006
0.00437613
0.00378002
0.00458514
0.00385508
0.00358404
0.00436116
0.0035548
0.00401142
0.00350048
0.0033973
0.00390219
0.00357199
0.0033393
0.00314971
0.00343689
0.00329139
0.00363526
0.00313678
0.00364936
0.00371951
0.00312731
0.0035485
0.00340274
0.00328977
0.00351334
0.00372273
0.00296176
0.0031042
0.00285804
0.00292535
0.00366741
0.00362003
0.00280302
0.00284921
0.00299892
0.00256709
0.00271126
0.00235249
0.00303032
0.0030164
0.00272688
0.00286316
0.0027202
0.00232732
0.00221464
0.00278749
0.00239561
0.00298827
0.00248263
0.00273662
0.00244814
0.00243594
0.00222475
0.00290473
0.00269147
0.00229025
0.00221308
0.00215763
0.00189265
0.00223598
0.00219719
0.00228627
0.00232566
0.00250864
0.00223957
0.00199857
0.00221019
0.0020369
0.00225127
0.00222454
0.0022963
0.00197327
0.00203589
0.00191147
0.00220327
0.00201245
0.00204405
0.00194955
0.00171029
0.00205469
0.0018093
0.00186006
0.0018871
0.00199799
0.00183708
0.00168436
0.00173519
0.00177487
0.00178897
0.00158514
0.00183382
0.0017707
0.00162666
0.00151476
0.00180935
0.00161746
0.00158595
0.00173889
0.00157501
0.00164253
0.00160678
0.00154785
0.00140025
0.00132573
0.00160621
0.00150273
0.00155697
0.00157156
0.00144185
0.00152589
0.00122627
0.0012071
0.00155528
0.00135324
0.00140768
0.00136971
0.00133098
0.0013296
0.00112736
0.0013033
0.00121651
0.00127555
0.00115618
0.00125406
0.00117363
0.00114423
0.00126083
0.00129378
0.00105011
0.0011657
0.00109887
0.000967705
0.00094897
0.00110059
0.00109714
0.00111535
0.00117677
0.00103031
0.00111616
0.00112555
0.00115334
0.0010827
0.000841556
0.00105239
0.000935331
0.000987418
0.000933688
0.00103766
0.000818473
0.00103113
0.00105977
0.000824723
0.0009407
0.000926219
0.00099501
0.000980948
0.000832821
0.000856495
0.000845743
0.000914576
0.000850021
0.000825446
0.000722702
0.000801616
0.000914615
0.000734136
0.000824794
0.000773281
0.000762203
0.000898012
0.000742328
0.000814309
0.000758126
0.000743806
0.00073455
0.00081732
0.00076027
0.00081382
0.000739487
0.000742036
0.000801434
0.000771747
0.000849166
0.000774412
0.000789721
0.000779959
0.0006808
0.000762871
0.000627698
0.000644281
0.000637191
0.000615893
0.000643064
0.000576753
0.000668344
0.000624605
0.000634563
0.000558071
0.000534797
0.000654175
0.000583935
0.000540603
0.000585714
0.000569407
0.000651685
0.000536656
0.000596282
0.000608866
0.000504197
0.000511036
0.00055213
0.000425703
0.000535251
0.000522192
0.00054439
0.000470398
0.000561784
0.000548637
0.000492137
0.000508301
0.000399842
0.000542167
0.000535399
0.000478054
0.000477768
0.000394163
0.000487319
0.00048871
0.000437931
0.000473549
0.000440839
0.000437607
0.000407485
0.000439262
0.000404677
0.000441362
0.000366849
0.000377221
0.000421489
0.000398708
0.000393163
0.000391435
0.00035298
0.00043329
0.000336845
0.000441177
0.000422567
0.000333887
0.000369567
0.000326948
0.000371736
0.000352532
0.000390613
0.000343973
0.000347229
0.000375573
0.000376499
0.000312798
0.00035644
0.000398852
0.000318211
0.000279497
0.000292599
0.000264086
0.000334877
0.000360563
0.000315026
0.000372579
0.000333802
0.000297831
0.000311448
0.000307595
0.00029496
0.000312365
0.000313573
0.000280391
0.000278604
0.000298233
0.000255922
0.000268693
0.000277101
0.000292666
0.000303118
0.000257531
0.000291195
0.000261604
0.00030037
0.000236312
0.000279358
0.000269783
0.000293456
0.000241546
0.000279744
0.00023544
0.00025106
0.000227815
0.000217149
0.000227697
0.000232364
0.000253203
0.000268779
0.000243624
0.000200747
0.000231398
0.000210726
0.000205424
0.00025147
0.000228588
0.000259483
0.000219649
0.000273181
0.000231333
0.000205792
0.000232964
0.000221265
0.000207095
0.000195402
0.000209805
0.000258411
0.000214281
0.000203327
0.000177045
0.000216805
0.000240899
0.000176996
0.000209258
0.000192263
0.000176351
0.000153707
0.00018952
0.000168266
0.000170443
0.000170779
0.00017175
0.000180365
0.000203499
0.000173555
0.000194205
0.00018541
0.00018086
0.000154551
0.00014681
0.000174406
0.000157798
0.000174794
0.000172482
0.000163238
0.000148676
0.000171736
0.000141501
0.000153634
0.00014842
0.000172456
0.000129902
0.000153135
0.000150156
0.000164253
0.000155452
0.000179421
0.000139337
0.00013615
0.000152589
0.000153578
0.000147546
0.000148379
0.000134574
0.000135043
0.000170301
0.000159787
0.000140576
0.000130305
0.000126666
0.000126077
0.000145375
0.000120439
0.000125442
0.000134687
0.00012706
0.000117855
0.000108136
0.000105678
0.000143489
0.000137403
0.000115565
0.00012405
0.000128151
0.00012528
0.000119466
0.000135099
0.0001044
0.000108182
0.000120191
0.000121959
0.000119807
9.91826e-05
0.00010705
8.9843e-05
0.000122494
0.000110439
9.74233e-05
9.87325e-05
0.000100024
0.000101626
0.000110956
0.000108499
0.000100263
9.18778e-05
0.000109986
0.000102136
0.000112951
9.86092e-05
9.07953e-05
0.000112906
8.79939e-05
0.000110966
9.1824e-05
0.000101058
9.751e-05
9.47687e-05
9.18383e-05
9.50546e-05
9.66076e-05
8.47555e-05
8.75141e-05
9.26207e-05
9.18087e-05
9.31245e-05
8.44026e-05
7.5982e-05
7.13295e-05
9.32415e-05
8.61109e-05
8.08869e-05
8.83133e-05
7.38418e-05
7.84742e-05
7.97069e-05
8.87649e-05
8.75538e-05
8.80731e-05
7.71715e-05
9.35778e-05
7.23919e-05
7.79096e-05
7.09108e-05
8.66525e-05
6.72575e-05
6.85676e-05
6.55197e-05
7.80716e-05
7.00289e-05
8.21885e-05
6.97164e-05
7.97483e-05
6.98452e-05
7.12421e-05
6.67775e-05
6.75291e-05
7.24988e-05
5.89207e-05
7.11862e-05
6.99561e-05
7.07451e-05
6.74607e-05
6.55782e-05
6.82968e-05
6.75478e-05
6.49869e-05
6.23797e-05
6.85568e-05
7.04288e-05
7.66003e-05
6.34873e-05
7.02333e-05
6.09913e-05
5.82693e-05
6.31397e-05
6.87511e-05
5.93769e-05
6.1834e-05
5.45119e-05
5.96256e-05
5.84571e-05
6.3821e-05
6.45182e-05
6.51588e-05
6.05313e-05
6.10343e-05
7.00086e-05
5.83475e-05
5.4776e-05
6.10605e-05
6.06485e-05
5.27464e-05
5.9374e-05
6.63991e-05
6.73787e-05
5.26765e-05
5.15194e-05
5.38005e-05
5.33812e-05
5.06795e-05
6.30778e-05
4.91413e-05
6.10027e-05
5.29706e-05
6.82834e-05
4.46892e-05
5.28792e-05
4.91684e-05
5.54231e-05
4.81831e-05
5.84856e-05
4.93837e-05
5.52312e-05
5.41371e-05
5.71287e-05
5.02438e-05
5.42581e-05
5.35987e-05
5.72129e-05
5.08044e-05
4.99645e-05
4.92987e-05
4.47104e-05
4.8484e-05
5.21235e-05
4.8876e-05
5.19578e-05
5.42618e-05
5.34745e-05
4.95093e-05
5.14413e-05
4.70391e-05
5.25827e-05
4.79162e-05
5.54534e-05
4.40512e-05
4.92719e-05
4.69327e-05
5.10043e-05
4.51687e-05
5.02615e-05
4.65723e-05
5.32616e-05
5.1128e-05
4.39458e-05
3.84816e-05
4.63162e-05
4.50049e-05
4.65407e-05
4.27364e-05
3.97022e-05
4.68637e-05
4.60949e-05
4.36955e-05
4.18788e-05
3.49405e-05
4.74149e-05
4.66238e-05
5.18779e-05
4.71827e-05
4.48206e-05
3.47771e-05
4.3729e-05
4.61993e-05
4.21761e-05
4.41685e-05
4.6753e-05
3.84605e-05
3.65484e-05
3.87148e-05
4.74096e-05
4.12445e-05
4.15667e-05
3.4735e-05
3.67193e-05
3.59611e-05
3.95776e-05
4.57248e-05
3.97628e-05
4.123e-05
3.54292e-05
3.95577e-05
4.07484e-05
4.02009e-05
3.65784e-05
3.96173e-05
3.43852e-05
3.97818e-05
3.68854e-05
3.80248e-05
4.00343e-05
3.77255e-05
3.44763e-05
3.99032e-05
3.65745e-05
3.81295e-05
3.73889e-05
4.25513e-05
4.06545e-05
3.52601e-05
3.81247e-05
3.63134e-05
3.54835e-05
3.41738e-05
3.57852e-05
3.50102e-05
3.89063e-05
3.87448e-05
3.55663e-05
4.09929e-05
4.09313e-05
3.56186e-05
4.01726e-05
3.95097e-05
3.49339e-05
3.17926e-05
3.54993e-05
4.13997e-05
3.3837e-05
3.42039e-05
3.36877e-05
2.99123e-05
3.72124e-05
4.20193e-05
3.12462e-05
3.78445e-05
3.47981e-05
3.38148e-05
3.35519e-05
3.50096e-05
3.88222e-05
3.13174e-05
3.44839e-05
3.54937e-05
3.06445e-05
3.71153e-05
3.571e-05
3.41371e-05
3.01425e-05
3.45558e-05
3.88828e-05
2.97425e-05
3.64028e-05
3.44054e-05
3.13728e-05
3.49199e-05
2.98497e-05
3.49727e-05
3.97132e-05
3.06095e-05
3.48569e-05
3.20139e-05
3.091e-05
3.21934e-05
3.25856e-05
3.49245e-05
3.19956e-05
3.59301e-05
3.05931e-05
3.40498e-05
3.2646e-05
3.56221e-05
3.27688e-05
3.01498e-05
3.57619e-05
3.17924e-05
3.03906e-05
3.2628e-05
3.09944e-05
2.79817e-05
3.35712e-05
2.92141e-05
3.83474e-05
3.56162e-05
2.67041e-05
3.17988e-05
2.8441e-05
2.65973e-05
2.96997e-05
3.13147e-05
2.85781e-05
3.05008e-05
3.37926e-05
2.8979e-05
3.25217e-05
3.4864e-05
3.00484e-05
3.04406e-05
3.06769e-05
2.80037e-05
3.06962e-05
3.13849e-05
3.20349e-05
3.01536e-05
3.11187e-05
2.78605e-05
2.69047e-05
2.68169e-05
3.0122e-05
3.27656e-05
2.87683e-05
3.3964e-05
2.98256e-05
3.06344e-05
2.86557e-05
3.32395e-05
3.22541e-05
3.30666e-05
3.18979e-05
2.89288e-05
3.49616e-05
2.75575e-05
2.55316e-05
3.02411e-05
2.72845e-05
2.91669e-05
3.02345e-05
3.1588e-05
2.73587e-05
3.36066e-05
2.43411e-05
2.77299e-05
2.81859e-05
2.60934e-05
3.17436e-05
3.25733e-05
3.27464e-05
2.45313e-05
2.78514e-05
2.98255e-05
2.72264e-05
2.7367e-05
3.23467e-05
3.03576e-05
2.73712e-05
2.79283e-05
2.97591e-05
3.0077e-05
2.96024e-05
2.77821e-05
2.88446e-05
2.83819e-05
3.2438e-05
3.53065e-05
2.35735e-05
2.54488e-05
2.35946e-05
2.71929e-05
2.76585e-05
3.07539e-05
2.82204e-05
2.77479e-05
2.90615e-05
3.22741e-05
2.52751e-05
2.53311e-05
2.88399e-05
2.65515e-05
3.33235e-05
2.40279e-05
2.7628e-05
3.18557e-05
2.64597e-05
2.76741e-05
2.82462e-05
2.68451e-05
2.65586e-05
2.91321e-05
3.16566e-05
2.49579e-05
2.83471e-05
3.01833e-05
2.64077e-05
2.81841e-05
2.78582e-05
3.32465e-05
2.52758e-05
2.57202e-05
3.25247e-05
2.66723e-05
3.07979e-05
2.79434e-05
2.7188e-05
3.09274e-05
2.84037e-05
2.50372e-05
2.47141e-05
3.22698e-05
2.91706e-05
2.80825e-05
2.57672e-05
2.63012e-05
2.80839e-05
2.74388e-05
2.96466e-05
2.94354e-05
2.55655e-05
2.52821e-05
2.62003e-05
2.73034e-05
2.28184e-05
2.71769e-05
2.8805e-05
2.8028e-05
2.64143e-05
2.15767e-05
2.60673e-05
2.71769e-05
2.96263e-05
2.67219e-05
3.17574e-05
2.63797e-05
2.99617e-05
2.98565e-05
2.96161e-05
2.38306e-05
2.66589e-05
3.12727e-05
2.5931e-05
2.3398e-05
2.59366e-05
2.6437e-05
2.70749e-05
2.78201e-05
2.36603e-05
3.08161e-05
2.7455e-05
3.02152e-05
2.83763e-05
3.15068e-05
2.40588e-05
2.62874e-05
2.38137e-05
2.57563e-05
2.50762e-05
2.74049e-05
2.86177e-05
2.77807e-05
2.97805e-05
2.66922e-05
2.95366e-05
2.64049e-05
2.92585e-05
2.34364e-05
3.10334e-05
2.64712e-05
2.51858e-05
2.67872e-05
2.78299e-05
2.53083e-05
3.03858e-05
2.60694e-05
2.58085e-05
2.43182e-05
2.6961e-05
2.3105e-05
2.93633e-05
2.21301e-05
2.63182e-05
2.59764e-05
2.21113e-05
2.97053e-05
2.84943e-05
2.23602e-05
3.21134e-05
2.69653e-05
2.38029e-05
3.04829e-05
3.11011e-05
3.50414e-05
2.22387e-05
2.57235e-05
2.42886e-05
2.68537e-05
2.61995e-05
2.72722e-05
2.29724e-05
2.81778e-05
2.81051e-05
2.82575e-05
2.48329e-05
2.95298e-05
2.43242e-05
2.75363e-05
2.78786e-05
2.83312e-05
2.55663e-05
2.25587e-05
2.74317e-05
2.74676e-05
2.37249e-05
2.66431e-05
2.68723e-05
2.65962e-05
2.85834e-05
2.65833e-05
2.35372e-05
2.81484e-05
2.40614e-05
3.07316e-05
2.67338e-05
2.56072e-05
2.58266e-05
2.67336e-05
3.00037e-05
2.94157e-05
2.67465e-05
2.60116e-05
2.90216e-05
2.32032e-05
2.88402e-05
2.4515e-05
2.89855e-05
2.72168e-05
2.7508e-05
2.62933e-05
2.83042e-05
2.28417e-05
2.3077e-05
2.73436e-05
2.50246e-05
2.45084e-05
2.5319e-05
2.57322e-05
2.24983e-05
2.78302e-05
2.65922e-05
2.64865e-05
2.50583e-05
2.49264e-05
2.60005e-05
2.81339e-05
2.64657e-05
2.55287e-05
2.36294e-05
2.60739e-05
2.48143e-05
2.61559e-05
2.57252e-05
2.47771e-05
2.64675e-05
2.67283e-05
2.45002e-05
2.49007e-05
2.30139e-05
2.41118e-05
2.39572e-05
2.67174e-05
2.54913e-05
2.32826e-05
2.8549e-05
2.68348e-05
2.79424e-05
2.21276e-05
2.29966e-05
2.71947e-05
2.65109e-05
2.23827e-05
2.4831e-05
2.5316e-05
2.601e-05
2.41297e-05
2.32663e-05
2.38126e-05
2.39079e-05
2.67656e-05
2.41502e-05
2.62128e-05
2.77073e-05
2.38395e-05
2.76849e-05
2.69838e-05
2.62168e-05
2.47836e-05
2.6438e-05
2.53862e-05
2.81341e-05
2.37699e-05
2.47517e-05
2.30875e-05
2.4931e-05
2.63561e-05
2.34978e-05
2.4494e-05
2.47901e-05
2.49217e-05
2.34566e-05
2.73686e-05
2.49739e-05
2.62869e-05
2.41291e-05
2.64179e-05
2.21518e-05
2.24447e-05
2.76381e-05
2.87172e-05
2.58321e-05
2.4432e-05
2.14338e-05
2.71679e-05
2.51807e-05
2.60779e-05
2.93356e-05
2.3362e-05
2.93335e-05
2.41892e-05
2.35796e-05
2.7901e-05
3.11725e-05
2.9962e-05
2.40098e-05
2.66903e-05
2.20279e-05
2.84181e-05
3.07013e-05
2.40388e-05
2.67931e-05
2.25548e-05
2.7884e-05
2.35921e-05
2.68002e-05
2.37593e-05
2.57712e-05
2.92902e-05
2.59795e-05
2.59827e-05
2.47634e-05
2.21967e-05
2.59994e-05
2.65568e-05
2.59989e-05
2.61697e-05
2.61248e-05
2.30461e-05
2.50757e-05
2.53206e-05
2.82326e-05
2.51129e-05
2.3144e-05
2.36029e-05
2.26249e-05
2.41578e-05
2.69255e-05
2.4169e-05
2.16944e-05
2.31739e-05
2.18064e-05
2.68586e-05
2.71182e-05
2.63678e-05
2.26878e-05
2.62339e-05
2.63248e-05
2.8521e-05
2.678e-05
2.83467e-05
2.68003e-05
2.68428e-05
2.66496e-05
2.41476e-05
2.7263e-05
2.62309e-05
2.86255e-05
2.47947e-05
2.50747e-05
2.14955e-05
2.31652e-05
2.84057e-05
2.61225e-05
2.17663e-05
2.55962e-05
2.09847e-05
2.29674e-05
2.38039e-05
2.68426e-05
2.21284e-05
2.02673e-05
2.44519e-05
2.2607e-05
2.41624e-05
2.5018e-05
2.6036e-05
2.72853e-05
2.54394e-05
2.68249e-05
2.66426e-05
2.44565e-05
2.36945e-05
2.9025e-05
2.30916e-05
2.40209e-05
2.36358e-05
2.56785e-05
2.60597e-05
3.01121e-05
3.2796e-05
2.58357e-05
2.27221e-05
2.95776e-05
3.08935e-05
2.585e-05
2.81271e-05
2.62653e-05
2.22528e-05
2.54685e-05
2.62739e-05
2.47394e-05
2.2733e-05
2.35429e-05
2.5961e-05
2.8453e-05
2.113e-05
2.71436e-05
2.78761e-05
2.37116e-05
2.55399e-05
2.50318e-05
2.86259e-05
2.32159e-05
2.99959e-05
2.33311e-05
2.79564e-05
2.41613e-05
2.42572e-05
2.39201e-05
2.64531e-05
3.09125e-05
2.70938e-05
2.70316e-05
2.26997e-05
2.52066e-05
2.68599e-05
2.70793e-05
2.56231e-05
2.83685e-05
2.32224e-05
2.4447e-05
2.43505e-05
2.55194e-05
2.79838e-05
2.58074e-05
2.5015e-05
1.94516e-05
2.45744e-05
3.3381e-05
2.20295e-05
2.91744e-05
2.37129e-05
2.46409e-05
2.24628e-05
2.67129e-05
2.91791e-05
2.64474e-05
2.614e-05
2.46194e-05
2.75829e-05
2.27545e-05
2.19922e-05
2.87397e-05
2.61807e-05
2.29936e-05
2.31558e-05
2.79254e-05
2.64261e-05
2.56793e-05
2.64251e-05
2.91407e-05
2.59616e-05
2.63362e-05
2.75317e-05
2.65445e-05
2.24393e-05
2.46252e-05
2.38143e-05
2.47999e-05
2.24732e-05
2.31454e-05
2.22238e-05
2.61087e-05
2.52689e-05
2.35718e-05
2.30957e-05
2.2616e-05
2.7956e-05
2.58149e-05
2.29508e-05
2.3925e-05
2.73297e-05
2.94066e-05
2.46027e-05
2.59142e-05
2.71567e-05
2.77089e-05
2.91676e-05
2.34676e-05
2.89166e-05
2.5778e-05
2.63491e-05
2.60226e-05
2.41692e-05
2.59202e-05
2.81173e-05
2.43833e-05
2.5251e-05
2.38428e-05
2.43792e-05
2.47772e-05
2.48118e-05
2.824e-05
2.31638e-05
2.73412e-05
2.52122e-05
2.63737e-05
2.55963e-05
2.03322e-05
2.30861e-05
2.54889e-05
2.69569e-05
2.60859e-05
2.73418e-05
2.45515e-05
2.34771e-05
2.71438e-05
2.51877e-05
2.64053e-05
2.86855e-05
3.06544e-05
2.83478e-05
2.50329e-05
2.05762e-05
2.28422e-05
2.31392e-05
2.30379e-05
2.7919e-05
2.18854e-05
2.90693e-05
2.42599e-05
2.78434e-05
2.53856e-05
2.72666e-05
2.46848e-05
2.09045e-05
2.47111e-05
2.55372e-05
2.9432e-05
2.79637e-05
2.64622e-05
2.66659e-05
2.33716e-05
2.60005e-05
2.95234e-05
2.54235e-05
2.51592e-05
3.01437e-05
2.60654e-05
2.42107e-05
2.51289e-05
2.62532e-05
2.57944e-05
2.63261e-05
2.98185e-05
2.72219e-05
2.79175e-05
2.91069e-05
2.07456e-05
2.72163e-05
2.2905e-05
2.41873e-05
2.65227e-05
2.70555e-05
2.41776e-05
2.42299e-05
2.38529e-05
2.57488e-05
2.4384e-05
2.27048e-05
2.86187e-05
2.51109e-05
2.38222e-05
2.33002e-05
2.66595e-05
2.70118e-05
2.64542e-05
2.43588e-05
2.56517e-05
2.91292e-05
2.89011e-05
2.94318e-05
2.76756e-05
2.13394e-05
2.86359e-05
2.67581e-05
2.69401e-05
2.97012e-05
3.06776e-05
2.37716e-05
2.67977e-05
3.1332e-05
2.7424e-05
2.37189e-05
2.54451e-05
2.55317e-05
2.49547e-05
2.59543e-05
2.56237e-05
2.82719e-05
2.58909e-05
2.43789e-05
2.56208e-05
2.75066e-05
2.95106e-05
2.53428e-05
2.44296e-05
2.68556e-05
2.76498e-05
2.63617e-05
2.79434e-05
1.9501e-05
2.61722e-05
2.62827e-05
2.49202e-05
3.08624e-05
