3.025
2.99726
2.96942
2.93921
2.91209
2.88256
2.85333
2.82862
2.79686
2.77263
2.74709
2.7206
2.69508
2.669
2.64154
2.61747
2.59035
2.56541
2.5415
2.51955
2.49636
2.47354
2.45029
2.4233
2.40114
2.37855
2.35454
2.33415
2.30767
2.28156
2.26078
2.23884
2.21643
2.19499
2.17529
2.1551
2.13417
2.11254
2.09324
2.07502
2.05113
2.02791
2.00534
1.98556
1.96832
1.95209
1.93003
1.91069
1.89129
1.87406
1.85453
1.83443
1.81559
1.797
1.77925
1.76253
1.74531
1.72921
1.71217
1.69642
1.68017
1.66302
1.64732
1.63168
1.61551
1.59956
1.58311
1.56841
1.55351
1.54006
1.52474
1.50842
1.49266
1.48053
1.46483
1.45106
1.43825
1.42507
1.41324
1.40036
1.38716
1.37244
1.35676
1.34261
1.33042
1.31823
1.30333
1.29085
1.27609
1.2641
1.25172
1.24074
1.22813
1.21595
1.20468
1.19242
1.17972
1.16847
1.15895
1.14694
1.13686
1.12675
1.11654
1.10483
1.09365
1.08366
1.07313
1.06283
1.05211
1.04154
1.03238
1.02146
1.01276
1.00321
0.993868
0.983855
0.974041
0.965008
0.955971
0.946939
0.938693
0.930298
0.921683
0.913064
0.904617
0.895653
0.886437
0.878539
0.869527
0.86007
0.852461
0.844329
0.836805
0.828473
0.820114
0.812565
0.804913
0.796761
0.788556
0.780675
0.773416
0.764952
0.757692
0.750232
0.742929
0.736361
0.728932
0.720408
0.71388
0.70719
0.698871
0.691884
0.685717
0.678497
0.671446
0.6647
0.658735
0.652187
0.645129
0.639401
0.632678
0.627155
0.621073
0.614078
0.609161
0.603418
0.596961
0.590629
0.584567
0.579496
0.573684
0.56761
0.562009
0.556494
0.550453
0.543747
0.538285
0.533207
0.528087
0.522654
0.517159
0.511919
0.506946
0.502189
0.49637
0.49157
0.486527
0.480905
0.476272
0.471718
0.467418
0.462323
0.457924
0.453681
0.449317
0.444946
0.440624
0.436288
0.431925
0.428245
0.423769
0.419754
0.415621
0.411494
0.407471
0.403828
0.399689
0.396085
0.392327
0.388441
0.384177
0.380466
0.377088
0.373852
0.370422
0.36632
0.362629
0.358851
0.35552
0.351694
0.348562
0.345266
0.34211
0.338849
0.335366
0.33237
0.329266
0.325969
0.322651
0.319421
0.316772
0.313819
0.310726
0.307667
0.304545
0.301534
0.298373
0.295854
0.292916
0.289999
0.286922
0.284214
0.281453
0.278624
0.275916
0.273167
0.270409
0.26794
0.265568
0.263068
0.260196
0.257646
0.255233
0.253058
0.25037
0.248111
0.245853
0.243651
0.241032
0.238622
0.236395
0.234033
0.231937
0.229686
0.22729
0.225126
0.222916
0.220954
0.218878
0.216779
0.214762
0.212823
0.210662
0.20854
0.206646
0.204659
0.202575
0.200745
0.198789
0.196667
0.19491
0.193131
0.191528
0.189465
0.187633
0.185679
0.183695
0.182015
0.180409
0.178746
0.177025
0.175157
0.173251
0.171651
0.169689
0.167998
0.166466
0.164941
0.163415
0.161879
0.160408
0.159037
0.157643
0.156169
0.154785
0.153397
0.151762
0.150289
0.148852
0.147369
0.145838
0.144553
0.143074
0.141787
0.140571
0.139246
0.137753
0.136429
0.135033
0.133759
0.132504
0.131165
0.12976
0.12852
0.127274
0.125898
0.124612
0.123333
0.122306
0.120989
0.11987
0.118697
0.117535
0.116366
0.115078
0.113962
0.112825
0.111788
0.110773
0.109658
0.108691
0.10768
0.106641
0.105662
0.104744
0.103745
0.102705
0.101851
0.100948
0.0998904
0.0988966
0.0979482
0.0969812
0.0960136
0.0950945
0.0939812
0.093023
0.092139
0.0913065
0.0904436
0.0896103
0.0887831
0.0879229
0.08708
0.0861466
0.0854192
0.0845978
0.0836816
0.0829141
0.0821046
0.0813559
0.0806276
0.0799184
0.0791806
0.0783244
0.0775717
0.0769333
0.0763014
0.075403
0.0746506
0.0739994
0.0732803
0.0725887
0.0719458
0.0712205
0.0706185
0.0699026
0.0691503
0.0683477
0.0676807
0.0670526
0.0664657
0.0658152
0.0651479
0.06447
0.0639074
0.0633348
0.0626588
0.0620308
0.0614199
0.0608427
0.0602932
0.0596621
0.0590251
0.0585004
0.0579156
0.057364
0.0568246
0.0562354
0.0556788
0.055138
0.0545684
0.0540566
0.0535695
0.0530485
0.0524595
0.0519178
0.0514148
0.0509775
0.0504443
0.0499899
0.0495038
0.0489685
0.0485152
0.0480549
0.0475752
0.0471011
0.0467069
0.0462338
0.0458366
0.0453682
0.044955
0.0445135
0.0441543
0.0436974
0.0432037
0.0427718
0.0423652
0.0419469
0.0415745
0.0411275
0.0407145
0.0402864
0.0398708
0.0394782
0.0390923
0.0387646
0.0383047
0.0378833
0.0375101
0.0371061
0.0367425
0.036399
0.0360288
0.0356724
0.0353223
0.035
0.0346617
0.0342824
0.0339571
0.0336203
0.0332567
0.0329704
0.0326343
0.0322777
0.0319898
0.0316749
0.0313713
0.0310379
0.0307585
0.030441
0.0301998
0.0299066
0.029608
0.0293157
0.0290147
0.0287649
0.0284852
0.028212
0.0279516
0.0277039
0.027408
0.0271364
0.0269137
0.0266408
0.0263929
0.0261351
0.0258795
0.0256186
0.0253754
0.0251509
0.0249289
0.0246604
0.0244387
0.0241442
0.0238895
0.0236307
0.0234216
0.0231902
0.0229622
0.0227132
0.0224974
0.0222826
0.0221021
0.0219081
0.0216955
0.0214955
0.0212506
0.0210427
0.0208394
0.020652
0.0204313
0.0202224
0.0200385
0.0198236
0.0196323
0.0194329
0.0192543
0.0190594
0.018869
0.0187102
0.0185076
0.0183248
0.0181502
0.0179582
0.0177867
0.0176143
0.0174335
0.0172609
0.0170809
0.0169206
0.0167608
0.0165903
0.0164354
0.0162791
0.0161314
0.0159855
0.0158349
0.0156681
0.0155355
0.0153927
0.015264
0.0151077
0.0149571
0.014818
0.0146915
0.0145486
0.0144153
0.014272
0.0141336
0.0139989
0.0138553
0.0137323
0.0135939
0.0134554
0.0133254
0.0132014
0.0130642
0.0129455
0.0128305
0.0126897
0.0125483
0.012431
0.0123294
0.0122101
0.0120988
0.0119872
0.0118655
0.0117589
0.0116173
0.0115038
0.0113703
0.0112511
0.0111487
0.0110368
0.010924
0.0108268
0.0107249
0.0106106
0.010505
0.0104108
0.0103064
0.0102057
0.0101148
0.0100355
0.00994439
0.00983983
0.00971662
0.0096076
0.00953238
0.00942829
0.00935031
0.00925305
0.00915847
0.0090508
0.00896419
0.00888227
0.00880294
0.00872978
0.0086539
0.0085621
0.00847104
0.00839148
0.00831007
0.00821012
0.00812747
0.00804251
0.00797195
0.00789759
0.00782123
0.007751
0.00768203
0.00760181
0.00752215
0.00745657
0.00737904
0.00730326
0.00723404
0.00714739
0.00708022
0.00701265
0.00694649
0.00688478
0.0068226
0.0067601
0.0066965
0.0066422
0.00657273
0.00651241
0.00645888
0.0063977
0.00633957
0.00628548
0.00622136
0.00615868
0.00609874
0.00603265
0.00597759
0.00591108
0.00585109
0.00579697
0.00574251
0.00568736
0.00562652
0.00557219
0.00551642
0.00546384
0.00541354
0.0053632
0.00530705
0.00525791
0.0052159
0.00515924
0.00511202
0.00505862
0.00501408
0.00496401
0.00491271
0.00486408
0.004819
0.0047697
0.00472512
0.00468174
0.00463384
0.00457893
0.00453188
0.00448499
0.00444377
0.00440651
0.00436158
0.00431598
0.00427476
0.00423127
0.00419099
0.00414904
0.00410792
0.00406548
0.00402306
0.00398567
0.00394274
0.00390442
0.00386993
0.00382793
0.00379262
0.00375373
0.00371971
0.00368852
0.00365098
0.00361769
0.00358491
0.00355511
0.00352282
0.00349172
0.00345607
0.00342651
0.00339068
0.00335516
0.00332496
0.00329173
0.00325851
0.00322532
0.00319074
0.00315423
0.00312649
0.00309577
0.00306872
0.00304236
0.00300677
0.00297178
0.0029445
0.00291742
0.00288663
0.00286242
0.00283697
0.00281456
0.00278457
0.00275528
0.00273009
0.00270294
0.00267594
0.00265371
0.0026335
0.00260802
0.00258457
0.00255741
0.00253255
0.00250496
0.00248207
0.00245914
0.0024381
0.00241173
0.00238754
0.00236648
0.00234579
0.00232488
0.00230745
0.00228572
0.00226356
0.0022406
0.00221784
0.00219472
0.00217272
0.00215329
0.00213257
0.00211251
0.00209116
0.00206793
0.00204628
0.00202818
0.00200729
0.00199053
0.00196846
0.00194978
0.00192966
0.00191011
0.00189336
0.00187272
0.00185472
0.00183669
0.00181853
0.00179949
0.0017819
0.00176635
0.00174825
0.00173005
0.00171231
0.00169713
0.00167936
0.00166258
0.00164745
0.00163336
0.0016164
0.00160032
0.00158543
0.00156922
0.00155417
0.00153836
0.00152248
0.00150844
0.00149399
0.00148106
0.00146503
0.00145098
0.00143676
0.00142258
0.00140781
0.00139279
0.0013808
0.00136858
0.0013531
0.0013397
0.00132663
0.00131274
0.00130002
0.00128822
0.00127667
0.0012638
0.0012514
0.00123805
0.0012272
0.00121529
0.00120291
0.00119215
0.00118015
0.00116825
0.00115798
0.00114692
0.00113647
0.00112677
0.00111877
0.00110942
0.00109959
0.00108883
0.00107744
0.00106643
0.00105615
0.00104537
0.0010333
0.00102234
0.00101435
0.00100384
0.00099542
0.000986521
0.000977175
0.000967483
0.000959979
0.000950796
0.000940287
0.000932503
0.000923765
0.000915336
0.00090609
0.000897539
0.000889248
0.000881105
0.000872285
0.000863246
0.000855739
0.000847752
0.000840737
0.000832766
0.00082451
0.000817802
0.000810568
0.000803314
0.000795428
0.00078718
0.000780554
0.000771922
0.000764966
0.000757878
0.000751659
0.000744573
0.000737434
0.000729377
0.000722227
0.00071574
0.000708028
0.000700125
0.000692993
0.000685848
0.00067786
0.000671011
0.000665154
0.000658795
0.000652654
0.000647616
0.00064191
0.000636189
0.000629444
0.000623625
0.000617599
0.000610797
0.000604076
0.000598876
0.00059423
0.000588446
0.000583151
0.000578558
0.000573307
0.00056796
0.000561547
0.000556491
0.000550276
0.000544817
0.000540049
0.000535439
0.000529972
0.000526322
0.000521016
0.000516276
0.000510938
0.000506249
0.000500862
0.000495702
0.000492056
0.0004875
0.000483396
0.000478379
0.00047298
0.000468332
0.000463831
0.000460283
0.000456041
0.00045057
0.000446867
0.000442108
0.0004379
0.00043401
0.000430604
0.00042651
0.000422975
0.000418523
0.000415226
0.000412204
0.000408675
0.000405096
0.000401224
0.000397783
0.000394608
0.00039037
0.0003877
0.000383536
0.000378895
0.000376113
0.000372832
0.000369719
0.000366464
0.000363272
0.000360075
0.000356914
0.000353951
0.000349892
0.000346879
0.000344407
0.000340792
0.000337225
0.000334225
0.000331692
0.000328676
0.00032689
0.000324378
0.000321426
0.000318705
0.000315024
0.000312467
0.000310438
0.000307157
0.000304146
0.000301593
0.0002987
0.000295382
0.000292974
0.00029012
0.000287936
0.00028548
0.000283442
0.000281487
0.000278766
0.000275753
0.000273279
0.000270771
0.000268991
0.000266543
0.000264474
0.000262407
0.00025973
0.000257307
0.000255237
0.000252622
0.000250833
0.000248613
0.000246813
0.000244729
0.000242416
0.000240131
0.000237762
0.000235773
0.000233906
0.000232009
0.000229655
0.000227632
0.000225789
0.000223745
0.000222012
0.000220038
0.000217745
0.00021546
0.000214019
0.000212424
0.000210476
0.000208513
0.000206898
0.000204887
0.000203447
0.000200936
0.000198999
0.00019691
0.000195397
0.000193564
0.000191598
0.000189924
0.000188375
0.000187218
0.000185812
0.000185152
0.000183823
0.000182688
0.000181567
0.000180055
0.000178954
0.000177328
0.000175924
0.000174058
0.000172611
0.000170969
0.000169509
0.000168375
0.000167503
0.000166187
0.000165002
0.000163756
0.000162263
0.000161203
0.000160105
0.000158754
0.000158192
0.000156809
0.000155779
0.000154252
0.000153103
0.000151823
0.000150699
0.000149555
0.000148402
0.00014693
0.00014543
0.00014441
0.00014371
0.00014229
0.000141163
0.000140242
0.000138799
0.000137854
0.000136143
0.000134536
0.000133663
0.000132517
0.000131433
0.000130379
0.000129215
0.00012792
0.000127047
0.00012631
0.000125191
0.000124075
0.000123579
0.000123006
0.000122087
0.000121111
0.00012005
0.000119133
0.000117898
0.000117299
0.000116375
0.00011515
0.00011444
0.000113802
0.000113049
0.000112006
0.000110921
0.000110467
0.00010963
0.000108885
0.000107829
0.000106901
0.000105866
0.000105656
0.000104848
0.000104038
0.000102872
0.000101909
0.000101252
0.000100287
9.91772e-05
9.83164e-05
9.75208e-05
9.67963e-05
9.61635e-05
9.50432e-05
9.45568e-05
9.35927e-05
9.28928e-05
9.22081e-05
9.16696e-05
9.09044e-05
9.03162e-05
8.99177e-05
8.91197e-05
8.83968e-05
8.78698e-05
8.76806e-05
8.70574e-05
8.63789e-05
8.57559e-05
8.56279e-05
8.51885e-05
8.45734e-05
8.389e-05
8.31014e-05
8.26984e-05
8.24414e-05
8.19045e-05
8.13101e-05
8.06981e-05
8.02017e-05
7.92005e-05
7.87635e-05
7.81305e-05
7.78176e-05
7.73148e-05
7.68613e-05
7.62349e-05
7.57537e-05
7.55635e-05
7.50444e-05
7.46282e-05
7.42662e-05
7.3821e-05
7.3243e-05
7.29697e-05
7.22382e-05
7.18737e-05
7.15427e-05
7.1355e-05
7.07993e-05
7.05371e-05
7.0458e-05
6.99e-05
6.93684e-05
6.87727e-05
6.82158e-05
6.78055e-05
6.74244e-05
6.69799e-05
6.63839e-05
6.61759e-05
6.57161e-05
6.54509e-05
6.52364e-05
6.48164e-05
6.43467e-05
6.43004e-05
6.39912e-05
6.36409e-05
6.33799e-05
6.31032e-05
6.28244e-05
6.26071e-05
6.23408e-05
6.2071e-05
6.16445e-05
6.1134e-05
6.09114e-05
6.04191e-05
5.994e-05
5.96214e-05
5.94511e-05
5.91731e-05
5.86556e-05
5.86209e-05
5.83928e-05
5.8121e-05
5.79504e-05
5.81256e-05
5.75548e-05
5.74326e-05
5.70307e-05
5.69189e-05
5.64511e-05
5.61883e-05
5.5694e-05
5.52626e-05
5.48624e-05
5.47435e-05
5.43466e-05
5.43885e-05
5.41147e-05
5.36993e-05
5.32366e-05
5.31839e-05
5.2888e-05
5.27285e-05
5.23938e-05
5.21235e-05
5.18254e-05
5.1516e-05
5.13483e-05
5.12448e-05
5.0998e-05
5.06749e-05
5.04491e-05
5.02376e-05
4.99744e-05
4.97591e-05
4.95686e-05
4.93071e-05
4.932e-05
4.91634e-05
4.89464e-05
4.87894e-05
4.85824e-05
4.84817e-05
4.83358e-05
4.81495e-05
4.79518e-05
4.76938e-05
4.72827e-05
4.70606e-05
4.66373e-05
4.63151e-05
4.58426e-05
4.54737e-05
4.53235e-05
4.53681e-05
4.51487e-05
4.47507e-05
4.44368e-05
4.42995e-05
4.4157e-05
4.42085e-05
4.39918e-05
4.39194e-05
4.3783e-05
4.36766e-05
4.3461e-05
4.33072e-05
4.3206e-05
4.28283e-05
4.25441e-05
4.25825e-05
4.2399e-05
4.20619e-05
4.19902e-05
4.18369e-05
4.17608e-05
4.14632e-05
4.12032e-05
4.10472e-05
4.06376e-05
4.02627e-05
4.01976e-05
4.01847e-05
4.01334e-05
4.00594e-05
3.99841e-05
3.99242e-05
3.97811e-05
3.95714e-05
3.94465e-05
3.92955e-05
3.90399e-05
3.87507e-05
3.86496e-05
3.85239e-05
3.86377e-05
3.86578e-05
3.8537e-05
3.84875e-05
3.82387e-05
3.82844e-05
3.81599e-05
3.8033e-05
3.7936e-05
3.76426e-05
3.77108e-05
3.75428e-05
3.73815e-05
3.73396e-05
3.73397e-05
3.73377e-05
3.72124e-05
3.72506e-05
3.71897e-05
3.69611e-05
3.67287e-05
3.65002e-05
3.64502e-05
3.61768e-05
3.61226e-05
3.60384e-05
3.58917e-05
3.58e-05
3.56642e-05
3.55214e-05
3.54628e-05
3.53569e-05
3.51156e-05
3.51198e-05
3.49368e-05
3.49159e-05
3.49244e-05
3.48373e-05
3.47527e-05
3.47042e-05
3.46079e-05
3.45267e-05
3.4499e-05
3.45252e-05
3.456e-05
3.45785e-05
3.44631e-05
3.4231e-05
3.43425e-05
3.43122e-05
3.42574e-05
3.43095e-05
3.4169e-05
3.42802e-05
3.40914e-05
3.41226e-05
3.40261e-05
3.38986e-05
3.3725e-05
3.37234e-05
3.35521e-05
3.33921e-05
3.32952e-05
3.31701e-05
3.30709e-05
3.29157e-05
3.27686e-05
3.26423e-05
3.27534e-05
3.27559e-05
3.26947e-05
3.25656e-05
3.24652e-05
3.23708e-05
3.21073e-05
3.20057e-05
3.18619e-05
3.17785e-05
3.16676e-05
3.15049e-05
3.14933e-05
3.14779e-05
3.13431e-05
3.14557e-05
3.136e-05
3.12467e-05
3.1062e-05
3.08365e-05
3.08519e-05
3.09373e-05
3.09006e-05
3.0956e-05
3.08849e-05
3.07035e-05
3.07234e-05
3.08011e-05
3.06336e-05
3.05948e-05
3.06068e-05
3.06314e-05
3.07067e-05
3.06259e-05
3.05546e-05
3.04924e-05
3.07077e-05
3.08053e-05
3.08023e-05
3.08149e-05
3.0754e-05
3.06383e-05
3.05724e-05
3.06247e-05
3.04602e-05
3.0469e-05
3.05109e-05
3.03386e-05
3.02433e-05
3.02266e-05
3.01711e-05
2.99425e-05
2.98052e-05
2.96855e-05
2.96487e-05
2.96928e-05
2.9564e-05
2.97127e-05
2.97091e-05
2.95686e-05
2.95671e-05
2.94104e-05
2.93466e-05
2.93966e-05
2.94297e-05
2.93501e-05
2.92878e-05
2.91745e-05
2.91468e-05
2.90725e-05
2.89566e-05
2.89325e-05
2.8785e-05
2.87639e-05
2.86325e-05
2.8594e-05
2.87137e-05
2.86732e-05
2.86906e-05
2.87829e-05
2.87052e-05
2.87773e-05
2.86195e-05
2.86318e-05
2.86806e-05
2.86058e-05
2.85564e-05
2.8547e-05
2.84187e-05
2.83147e-05
2.83772e-05
2.84829e-05
2.83924e-05
2.85994e-05
2.84175e-05
2.82936e-05
2.83408e-05
2.8306e-05
2.82786e-05
2.82899e-05
2.83062e-05
2.83782e-05
2.84045e-05
2.8351e-05
2.82318e-05
2.82484e-05
2.82141e-05
2.82027e-05
2.8222e-05
2.79607e-05
2.79615e-05
2.79437e-05
2.79284e-05
2.80664e-05
2.79622e-05
2.80872e-05
2.80541e-05
2.80741e-05
2.80564e-05
2.79281e-05
2.79056e-05
2.77265e-05
2.77136e-05
2.76999e-05
2.76687e-05
2.76542e-05
2.75678e-05
2.74287e-05
2.75926e-05
2.76149e-05
2.76117e-05
2.75364e-05
2.73328e-05
2.72619e-05
2.73196e-05
2.71624e-05
2.72228e-05
2.72693e-05
2.71608e-05
2.74386e-05
2.77001e-05
2.75751e-05
2.76814e-05
2.7859e-05
2.77532e-05
2.76547e-05
2.77686e-05
2.7749e-05
2.7859e-05
2.78229e-05
2.75866e-05
2.77872e-05
2.77043e-05
2.76187e-05
2.75298e-05
2.74609e-05
2.73878e-05
2.73479e-05
2.72216e-05
2.72754e-05
2.72037e-05
2.72957e-05
2.71378e-05
2.71652e-05
2.72951e-05
2.74104e-05
2.72605e-05
2.73442e-05
2.73607e-05
2.74068e-05
2.73815e-05
2.73631e-05
2.73916e-05
2.74198e-05
2.74986e-05
2.74234e-05
2.75139e-05
2.7377e-05
2.74124e-05
2.73354e-05
2.7259e-05
2.72499e-05
2.72093e-05
2.71245e-05
2.70277e-05
2.69372e-05
2.69235e-05
2.69133e-05
2.68693e-05
2.68402e-05
2.69206e-05
2.69118e-05
2.68853e-05
2.69159e-05
2.68671e-05
2.67576e-05
2.67971e-05
2.68069e-05
2.67969e-05
2.68227e-05
2.6755e-05
2.6844e-05
2.6692e-05
2.66155e-05
2.6668e-05
2.67272e-05
2.68581e-05
2.68631e-05
2.69043e-05
2.68677e-05
2.68581e-05
2.68478e-05
2.68398e-05
2.68414e-05
2.68167e-05
2.6806e-05
2.67744e-05
2.69201e-05
2.68894e-05
2.67508e-05
2.66601e-05
2.64155e-05
2.6532e-05
2.63295e-05
2.65074e-05
2.6526e-05
2.65838e-05
2.64057e-05
2.64072e-05
2.64666e-05
2.64275e-05
2.63275e-05
2.63808e-05
2.63525e-05
2.61693e-05
2.62267e-05
2.63178e-05
2.63208e-05
2.63287e-05
2.63425e-05
2.62127e-05
2.62308e-05
2.62751e-05
2.62207e-05
2.61531e-05
2.59481e-05
2.59652e-05
2.59847e-05
2.60735e-05
2.6134e-05
2.59739e-05
2.57865e-05
2.58204e-05
2.59918e-05
2.60488e-05
2.60906e-05
2.61357e-05
2.63573e-05
2.62951e-05
2.64467e-05
2.64867e-05
2.65474e-05
2.6434e-05
2.64059e-05
2.64317e-05
2.634e-05
2.62774e-05
2.61486e-05
2.6311e-05
2.62606e-05
2.61669e-05
2.60885e-05
2.60508e-05
2.60465e-05
2.60893e-05
2.61353e-05
2.61394e-05
2.60783e-05
2.60017e-05
2.58687e-05
2.59283e-05
2.57857e-05
2.57796e-05
2.59236e-05
2.59498e-05
2.58775e-05
2.59116e-05
2.58733e-05
2.58981e-05
2.60162e-05
2.60124e-05
2.5931e-05
2.59073e-05
2.57711e-05
2.57404e-05
2.57219e-05
2.57692e-05
2.57056e-05
2.57177e-05
2.5771e-05
2.58405e-05
2.5848e-05
2.5793e-05
2.56873e-05
2.56778e-05
2.57123e-05
2.59251e-05
2.60959e-05
2.61441e-05
2.61194e-05
2.61016e-05
2.60579e-05
2.61146e-05
2.60846e-05
2.58781e-05
2.59126e-05
2.5807e-05
2.58137e-05
2.59078e-05
2.58977e-05
2.58896e-05
2.57505e-05
2.58698e-05
2.5709e-05
2.56864e-05
2.56136e-05
2.56501e-05
2.56298e-05
2.55464e-05
2.55502e-05
2.55272e-05
2.54718e-05
2.55097e-05
2.54817e-05
2.56304e-05
2.57515e-05
2.5785e-05
2.565e-05
2.56313e-05
2.56143e-05
2.54127e-05
2.53495e-05
2.53904e-05
2.54781e-05
2.5491e-05
2.55927e-05
2.56643e-05
2.56604e-05
2.55632e-05
2.55097e-05
2.54952e-05
2.55959e-05
2.57111e-05
2.57095e-05
2.55411e-05
2.54264e-05
2.54875e-05
2.53424e-05
2.54684e-05
2.54479e-05
2.53299e-05
2.52728e-05
2.52101e-05
2.51476e-05
2.50888e-05
2.50828e-05
2.50274e-05
2.50462e-05
2.49545e-05
2.49661e-05
2.51131e-05
2.52822e-05
2.51963e-05
2.5277e-05
2.53139e-05
2.53088e-05
2.53961e-05
2.52898e-05
2.52357e-05
2.5186e-05
2.51801e-05
2.51545e-05
2.49604e-05
2.493e-05
2.50777e-05
2.51704e-05
2.52962e-05
2.53002e-05
2.51953e-05
2.53753e-05
2.5339e-05
2.5413e-05
2.53971e-05
2.53626e-05
2.54118e-05
2.53682e-05
2.54215e-05
2.54891e-05
2.55316e-05
2.53228e-05
2.53594e-05
2.53184e-05
2.52676e-05
2.52437e-05
2.53251e-05
2.52788e-05
2.52006e-05
2.5173e-05
2.49974e-05
2.49567e-05
2.49541e-05
2.50724e-05
2.52449e-05
2.51953e-05
2.52068e-05
2.52228e-05
2.53042e-05
2.54658e-05
2.55281e-05
2.54178e-05
2.55569e-05
2.56634e-05
2.55437e-05
2.54868e-05
2.55321e-05
2.56478e-05
2.57438e-05
2.55507e-05
2.55064e-05
2.54594e-05
2.52434e-05
2.53722e-05
2.53308e-05
2.53e-05
2.53777e-05
2.5229e-05
2.52781e-05
2.53981e-05
2.53833e-05
2.54468e-05
2.54586e-05
2.54228e-05
2.53758e-05
2.53124e-05
2.5149e-05
2.51293e-05
2.50244e-05
2.49886e-05
2.49478e-05
2.49544e-05
2.48712e-05
2.49369e-05
2.48215e-05
2.48001e-05
2.47155e-05
2.47871e-05
2.49102e-05
2.49833e-05
2.50328e-05
2.51002e-05
2.52173e-05
2.5337e-05
2.54111e-05
2.56642e-05
2.56492e-05
2.56655e-05
2.56436e-05
2.56442e-05
2.55847e-05
2.54574e-05
2.54964e-05
2.54595e-05
2.52829e-05
2.5416e-05
2.53747e-05
2.53542e-05
2.53382e-05
2.53534e-05
2.52482e-05
2.53116e-05
2.53905e-05
2.52568e-05
2.52882e-05
2.52755e-05
2.5148e-05
2.51614e-05
2.52888e-05
2.54024e-05
2.55033e-05
2.54581e-05
2.53347e-05
2.5369e-05
2.5419e-05
2.53172e-05
2.53492e-05
2.54646e-05
2.5493e-05
2.54698e-05
2.54313e-05
2.53878e-05
2.52937e-05
2.53438e-05
2.52784e-05
2.53228e-05
2.53433e-05
2.53735e-05
2.53056e-05
2.52665e-05
2.51869e-05
2.53179e-05
2.54148e-05
2.54546e-05
2.54156e-05
2.54614e-05
2.54617e-05
2.55073e-05
2.5409e-05
2.54177e-05
2.52237e-05
2.53367e-05
2.52751e-05
2.53777e-05
2.54045e-05
2.54567e-05
2.55158e-05
2.55304e-05
2.5464e-05
2.54908e-05
2.55073e-05
2.53351e-05
2.53976e-05
2.54621e-05
2.5452e-05
2.54519e-05
2.54483e-05
2.54928e-05
2.54202e-05
2.54047e-05
2.55262e-05
2.5614e-05
2.56705e-05
2.5556e-05
2.55633e-05
2.56092e-05
2.55793e-05
2.56139e-05
2.56481e-05
2.54579e-05
2.54243e-05
2.53702e-05
2.5386e-05
2.54202e-05
2.544e-05
2.5342e-05
2.54153e-05
2.54931e-05
2.55563e-05
2.54717e-05
2.54808e-05
2.53922e-05
2.54862e-05
2.56082e-05
2.56055e-05
2.55338e-05
2.55079e-05
2.54585e-05
2.54995e-05
2.55193e-05
2.5497e-05
2.55623e-05
2.5631e-05
2.56945e-05
2.55765e-05
2.55281e-05
2.55495e-05
2.55859e-05
2.56393e-05
2.57928e-05
2.59383e-05
2.58879e-05
2.60494e-05
2.59869e-05
2.59457e-05
2.57624e-05
2.57454e-05
2.58267e-05
2.5863e-05
2.58842e-05
2.58764e-05
2.58579e-05
2.58122e-05
2.59072e-05
2.58667e-05
2.57918e-05
2.58743e-05
2.59544e-05
2.59836e-05
2.60214e-05
2.59669e-05
2.59833e-05
2.59081e-05
2.58764e-05
2.5884e-05
2.58185e-05
2.5742e-05
2.5692e-05
2.58394e-05
2.59274e-05
2.59167e-05
2.58285e-05
2.59039e-05
2.58339e-05
2.58589e-05
2.59388e-05
2.58638e-05
2.60016e-05
2.59583e-05
2.59803e-05
2.59716e-05
2.59469e-05
2.61426e-05
2.61513e-05
2.59996e-05
2.59568e-05
2.58997e-05
2.60225e-05
2.60525e-05
2.59455e-05
2.59256e-05
2.58148e-05
2.59493e-05
2.59329e-05
2.5989e-05
2.58511e-05
2.59682e-05
2.60855e-05
2.62676e-05
2.62741e-05
2.62788e-05
2.61813e-05
2.60608e-05
2.59533e-05
2.60192e-05
2.57639e-05
2.56854e-05
2.57494e-05
2.58734e-05
2.5862e-05
2.59533e-05
2.6112e-05
2.61021e-05
2.61108e-05
2.62032e-05
2.61674e-05
2.6105e-05
2.60119e-05
2.59598e-05
2.59093e-05
2.58812e-05
2.59265e-05
2.58656e-05
2.57547e-05
2.58553e-05
2.59496e-05
2.59946e-05
2.59756e-05
2.60297e-05
