2.86623
2.86137
3.11927
2.79662
3.04836
3.01349
2.54103
3.27932
2.48877
2.62911
2.72786
2.62608
2.69562
2.8406
2.48386
2.7943
2.57113
2.46325
2.25901
2.39357
2.35042
2.39958
2.78708
2.28721
2.32784
2.47844
2.09542
2.72643
2.69594
2.13969
2.26221
2.31511
2.21157
2.03026
2.08286
2.15919
2.22897
1.99172
1.88405
2.4669
2.39672
2.32635
2.04456
1.7733
1.6766
2.27685
1.99062
2.0019
1.77918
2.01801
2.07489
1.94352
1.91453
1.82864
1.72499
1.7795
1.66119
1.76218
1.62595
1.66947
1.76429
1.61763
1.61978
1.66773
1.64709
1.69982
1.51605
1.53253
1.38846
1.58345
1.68941
1.62505
1.2513
1.62222
1.42536
1.32326
1.36249
1.22019
1.33027
1.36391
1.52158
1.61502
1.45928
1.25612
1.25763
1.53897
1.28458
1.5231
1.23623
1.27764
1.13173
1.3009
1.25757
1.15952
1.26604
1.32024
1.15996
0.979747
1.24234
1.04005
1.04002
1.05065
1.21419
1.15645
1.02708
1.08472
1.05906
1.10979
1.0925
0.942568
1.12962
0.892348
0.986075
0.962014
1.0334
1.01387
0.931773
0.937255
0.935224
0.854181
0.865073
0.89002
0.890481
0.869356
0.923729
0.952176
0.817256
0.935348
0.977032
0.784531
0.838966
0.777627
0.859643
0.861215
0.782029
0.787053
0.84461
0.847786
0.812134
0.754898
0.875258
0.751302
0.773439
0.755144
0.682417
0.76404
0.883278
0.673875
0.691063
0.85737
0.72226
0.633807
0.748624
0.730851
0.698687
0.616692
0.676095
0.728451
0.591281
0.694545
0.570606
0.629704
0.722092
0.507111
0.591186
0.665303
0.653706
0.623623
0.52288
0.599105
0.624841
0.578109
0.571033
0.625269
0.692868
0.563982
0.523556
0.527943
0.56074
0.56921
0.544457
0.515631
0.490412
0.599749
0.496222
0.520325
0.584104
0.480156
0.470873
0.446441
0.526464
0.456016
0.440161
0.451989
0.454118
0.448539
0.450039
0.450027
0.381654
0.464872
0.413912
0.427341
0.428423
0.417716
0.377087
0.426757
0.371517
0.386337
0.400695
0.44192
0.38301
0.347288
0.334127
0.353923
0.424493
0.382711
0.391478
0.342772
0.396161
0.325127
0.34057
0.324383
0.33915
0.360638
0.309189
0.320599
0.342756
0.345371
0.33241
0.274337
0.304313
0.321966
0.31662
0.321948
0.311295
0.324682
0.258715
0.303706
0.303767
0.317424
0.281969
0.287248
0.293364
0.280259
0.283248
0.285259
0.254787
0.242926
0.258794
0.29786
0.264115
0.249446
0.223955
0.279367
0.232733
0.233935
0.226518
0.270937
0.250445
0.230482
0.245377
0.216545
0.232175
0.249276
0.223838
0.229454
0.202749
0.215173
0.216502
0.21008
0.199955
0.223112
0.221514
0.195898
0.206044
0.216436
0.189325
0.202715
0.221065
0.182464
0.182924
0.165889
0.2136
0.189931
0.202266
0.206716
0.173621
0.166783
0.17235
0.178898
0.19374
0.198203
0.165965
0.20266
0.176339
0.159938
0.157434
0.158596
0.160314
0.151639
0.143712
0.144919
0.151541
0.142888
0.144725
0.169947
0.152105
0.148569
0.15352
0.158851
0.13366
0.153582
0.133489
0.126514
0.137543
0.154449
0.137278
0.143943
0.13129
0.130148
0.137855
0.145551
0.129799
0.128712
0.142011
0.133427
0.133885
0.106329
0.138113
0.116449
0.122956
0.121887
0.121268
0.13306
0.115934
0.116719
0.10798
0.105977
0.115162
0.099918
0.104613
0.108605
0.101654
0.0953
0.103175
0.107453
0.0884601
0.0934882
0.110291
0.103012
0.0980324
0.100834
0.102389
0.0960352
0.116122
0.100821
0.091604
0.0868156
0.0896889
0.0870009
0.0861127
0.0903087
0.0871494
0.0975093
0.0757152
0.0841552
0.0958528
0.0803727
0.0841219
0.077495
0.0762974
0.0740994
0.0771169
0.0896254
0.0784029
0.066634
0.0651015
0.0937394
0.0787294
0.0681871
0.0749858
0.0722183
0.0676465
0.0761098
0.0628549
0.0738149
0.0791903
0.0843993
0.0693411
0.0661496
0.0623653
0.0682975
0.0694868
0.070607
0.0592727
0.0599627
0.070425
0.0658704
0.0638856
0.0600557
0.0575937
0.0667328
0.0663505
0.0546286
0.0606022
0.0571553
0.0564765
0.0613498
0.0582893
0.0564271
0.0599236
0.0547189
0.0508902
0.0546709
0.0624812
0.0577329
0.0530357
0.0460114
0.0559537
0.048185
0.0504066
0.0559641
0.0477181
0.0490975
0.0503402
0.0499959
0.0414431
0.049704
0.0415206
0.0491174
0.0426909
0.0465614
0.0380163
0.0487199
0.0519844
0.0460748
0.0428911
0.0444984
0.0389083
0.0478239
0.0435452
0.0452834
0.0441375
0.0417998
0.0410422
0.0344902
0.0485927
0.0444761
0.0388901
0.0430507
0.0382701
0.0363633
0.0389223
0.0375447
0.0368042
0.0340347
0.0357804
0.039672
0.0342961
0.035766
0.0381913
0.0305397
0.0358903
0.0384856
0.0306939
0.0333508
0.0320886
0.035281
0.029917
0.0332753
0.0256663
0.0311955
0.0320548
0.0308459
0.0323694
0.0268343
0.0299167
0.0288329
0.0281039
0.0265599
0.0319457
0.0284959
0.0237673
0.0292919
0.02624
0.0275295
0.0277955
0.0280757
0.0260775
0.0243018
0.0240308
0.0286357
0.0233381
0.0321084
0.0267749
0.0277029
0.0224397
0.0252293
0.0239861
0.0267241
0.022971
0.0225457
0.018937
0.0208452
0.0232682
0.0213511
0.0267274
0.022581
0.0218637
0.0203387
0.0238898
0.0222287
0.0201888
0.0232435
0.0207156
0.0216042
0.0194019
0.0214197
0.0208841
0.0172366
0.0216133
0.0201874
0.0192111
0.0210818
0.018369
0.018901
0.0196796
0.0187092
0.0193969
0.0174586
0.0173477
0.0183261
0.0171566
0.0174485
0.0162728
0.0155537
0.0167387
0.0184559
0.0147689
0.0157878
0.0145844
0.0170016
0.0162929
0.0152821
0.01397
0.0161764
0.0148294
0.0154632
0.0154657
0.0148672
0.0160338
0.0134345
0.0155207
0.0150532
0.0142137
0.0144897
0.0155934
0.0135057
0.0132867
0.0156351
0.0160844
0.0128257
0.0117268
0.0131338
0.0124492
0.0126266
0.0137656
0.0119702
0.0157771
0.0130307
0.0150593
0.0138243
0.0116073
0.0126698
0.0125418
0.0107588
0.0114216
0.0127783
0.0118065
0.0107878
0.0117495
0.0116697
0.0104398
0.00909705
0.0101892
0.011878
0.0138765
0.0123345
0.00887941
0.0118149
0.00896643
0.0109825
0.0110309
0.0124421
0.00973339
0.0094126
0.00932774
0.00871597
0.00824541
0.0105483
0.0103961
0.00922469
0.00941064
0.0116467
0.00964778
0.00970478
0.00825681
0.00884621
0.00869725
0.00800058
0.00794315
0.00923315
0.00911197
0.00744716
0.00893304
0.00883307
0.00831668
0.0100346
0.00794461
0.00826595
0.00782001
0.00737949
0.0077163
0.00746463
0.0074382
0.0064326
0.0080885
0.00786674
0.00640747
0.00731824
0.00696327
0.00649262
0.00751577
0.00743724
0.00754654
0.00782428
0.00657214
0.00819912
0.00725988
0.00669566
0.006471
0.00651356
0.00732476
0.00680404
0.00683908
0.00666745
0.00617659
0.00622968
0.00699326
0.00609616
0.00530395
0.00674118
0.00593878
0.00689871
0.00541813
0.00635963
0.00646691
0.00566038
0.00541411
0.00628429
0.00536045
0.00553148
0.00590648
0.00680851
0.00599865
0.00568074
0.00511412
0.00488201
0.00584913
0.00573657
0.00516497
0.00539993
0.00529775
0.0053093
0.00531901
0.00542203
0.00542845
0.00488002
0.00531554
0.00497938
0.00460364
0.00533262
0.0047546
0.00524616
0.00448418
0.00434304
0.00499657
0.00440375
0.00448233
0.00402278
0.00419014
0.00427736
0.00488237
0.00399007
0.00483465
0.00458086
0.00409297
0.0044869
0.00469891
0.00466013
0.00467031
0.00500181
0.00367433
0.00425142
0.0036754
0.00353617
0.00467552
0.00460083
0.00385342
0.00367474
0.00451755
0.00350046
0.00341036
0.00327749
0.00423916
0.00409453
0.00351402
0.00370493
0.00377964
0.00314979
0.00303351
0.00351899
0.0033547
0.00355413
0.0037958
0.00415346
0.00323523
0.00335446
0.00309355
0.003565
0.00329617
0.00308155
0.00316824
0.0031838
0.00273529
0.00314028
0.00339179
0.00361902
0.00336289
0.00329285
0.00320401
0.00300386
0.00290367
0.00316916
0.00322915
0.00364053
0.00328978
0.00263755
0.00338027
0.00259398
0.00335778
0.00290436
0.00306361
0.00317393
0.00286842
0.00337077
0.00285756
0.00287381
0.0030608
0.00301072
0.00279862
0.00268367
0.00291822
0.00295491
0.00291055
0.00252408
0.0027609
0.00258554
0.00251356
0.00229284
0.00294056
0.00275091
0.00255515
0.00263438
0.00261742
0.00289927
0.0026864
0.00233368
0.00261787
0.00242465
0.00273403
0.00231902
0.00249782
0.00239244
0.00263655
0.00257789
0.00252504
0.00249539
0.00270486
0.00240198
0.00239366
0.0026077
0.00237429
0.00221262
0.00220099
0.00240627
0.00250169
0.00243324
0.00213331
0.00228397
0.00242962
0.00213598
0.0023091
0.00218644
0.0020963
0.00223237
0.00213115
0.00207364
0.00169817
0.0020091
0.00188981
0.00218232
0.00212964
0.0023081
0.00210331
0.00203026
0.00251413
0.00215073
0.00200079
0.00222263
0.00178842
0.00190559
0.00201714
0.00189312
0.00173852
0.00187015
0.00212858
0.00185475
0.00203106
0.0019867
0.00201017
0.00185638
0.0018487
0.0020216
0.00204573
0.00199225
0.00180127
0.00187669
0.00185236
0.00181142
0.00174829
0.00166133
0.00168144
0.0017935
0.00199263
0.0018175
0.00163803
0.00201808
0.00164822
0.00183169
0.00169218
0.00156103
0.0018392
0.00196181
0.00169794
0.00162441
0.00177306
0.00193287
0.00163212
0.00185207
0.00184862
0.00164841
0.00152732
0.00176976
0.00153581
0.00146751
0.00154586
0.00152983
0.00183296
0.00172994
0.00163511
0.00200494
0.00190838
0.00154625
0.00154578
0.00164702
0.00153961
0.00144877
0.00158469
0.00149527
0.00175328
0.00145564
0.00166615
0.00163923
0.00155207
0.00153827
0.00169022
0.00126743
0.00156472
0.00141912
0.00168591
0.0015692
0.00157222
0.00159343
0.001341
0.00141141
0.00156295
0.00165451
0.00165663
0.00142568
0.0015715
0.00139863
0.0013982
0.00159155
0.0013365
0.00148519
0.00140814
0.00134997
0.00134658
0.00133564
0.00130795
0.00145915
0.00144186
0.0012061
0.00136263
0.00146788
0.00164713
0.0012895
0.00139032
0.00155328
0.00126965
0.00159888
0.00180386
0.00127503
0.00127267
0.00135353
0.00150863
0.00143335
0.0013422
0.00159052
0.00135757
0.0014975
0.00127862
0.00113029
0.00142324
0.00133804
0.00139813
0.00115466
0.00132299
0.00120423
0.00138566
0.00138553
0.00132451
0.00148822
0.00137836
0.00124603
0.0014389
0.00130923
0.00124858
0.00131595
0.00146225
0.0010873
0.00132045
0.00103281
0.0011099
0.00117862
0.0010894
0.00125945
0.00124524
0.00143971
0.00134639
0.0011192
0.00131431
0.00123005
0.00110206
0.00133208
0.00130671
0.00113808
0.00126403
0.00106465
0.00128421
0.0011876
0.00112536
0.0013118
0.00133712
0.00144628
0.0012974
0.00128927
0.00118424
0.0012654
0.00116609
0.00128444
0.00118418
0.00116612
0.00124032
0.00114967
0.00133258
0.00117989
0.00119682
0.00126426
0.00127712
0.00122055
0.00128234
0.0011463
0.00130283
0.00113719
0.00129485
0.00120489
0.00109819
0.0013399
0.00122975
0.00115249
0.00113405
0.00121774
0.001103
0.0012333
0.00119992
0.00111727
0.00111977
0.00124085
0.00116816
0.00103814
0.00125472
0.00116261
0.00135754
0.0010157
0.00108372
0.000995076
0.00112223
0.00116266
0.00112166
0.00112983
0.00120788
0.00124774
0.00117819
0.00121173
0.00118808
0.00114554
0.000998807
0.00115899
0.00121571
0.00108857
0.00123172
0.00138195
0.00120262
0.00130079
0.00151242
0.00107864
0.0012675
0.00116607
0.00117185
0.00114726
0.00102361
0.00125635
0.00126149
0.00115291
0.00119803
0.00102167
0.00111069
0.00133825
0.00116233
0.0011366
0.00111529
0.00101505
0.00115627
0.00105674
0.00110642
0.00112049
0.00106682
0.000991009
0.00112747
0.00119101
0.00106849
0.00112751
0.00114524
0.00104233
0.00105583
0.00112799
0.0011211
0.00109411
0.00106771
0.00101732
0.00115219
0.000938407
0.00120945
0.00121849
0.00121522
0.00104208
0.00110056
0.001238
0.00119109
0.0011225
0.00112773
0.00115084
0.00111264
0.00118137
0.00103516
0.0010197
0.00114255
0.00100019
0.00101679
0.00120772
0.000949921
0.00125795
0.00111676
0.00101591
0.000975209
0.00110556
0.00115227
0.00119969
0.00112232
0.000911561
0.00109618
0.00104027
0.00116864
0.000908491
0.00119824
0.00107112
0.00103827
0.00100227
0.00114543
0.00119949
0.00100842
0.00119484
0.00102187
0.00114751
0.00106086
0.00116089
0.0010947
0.00120946
0.000932878
0.00114498
0.00109143
0.000984802
0.00104753
0.00109955
0.000963127
0.00111332
0.00111556
0.000920791
0.00100752
0.00104215
0.00102125
0.000854346
0.00107822
0.00108568
0.00121638
0.000880503
0.00101522
0.00107364
0.00114408
0.00113922
0.00108306
0.00107213
0.00109735
0.00107654
0.00105723
0.00114837
0.00118417
0.00106234
0.00110457
0.00119223
0.00103868
0.00104388
0.00125028
0.00117756
0.000978955
0.00108474
0.000917813
0.00110696
0.00117894
0.00117878
0.00100807
0.00121197
0.00113896
0.00101536
0.00102352
0.00105483
0.00101433
0.00106611
0.00106923
0.00101581
0.000964126
0.00110778
0.000958635
0.00117382
0.000927597
0.00102493
0.000944339
0.00101496
0.00109894
0.000982361
0.00106125
0.00106933
0.00102193
0.0011408
0.00111283
0.00111098
0.00109448
0.00103734
0.00117942
0.000980299
0.00112088
0.00112289
0.000980649
0.00099989
0.000877368
0.000925292
0.00104244
0.000943998
0.00110013
0.000885094
0.000942718
0.00101025
0.000972769
0.000983539
0.0011053
0.000945006
0.00101897
0.00100561
0.00103048
0.0010826
0.0010553
0.00103396
0.0010128
0.00105105
0.001052
0.00111668
0.00101283
0.000991804
0.00100704
0.00109438
0.00101202
0.00092757
0.00114924
0.00102196
0.00102731
0.000910178
0.000993507
0.00112142
0.0012175
0.000931331
0.0010497
0.00110083
0.00110302
0.0010309
0.00101642
0.00108373
0.000965391
0.00111009
0.00100502
0.00111328
0.00094864
0.000928654
0.00106265
0.000917889
0.00112508
0.001037
0.000879117
0.000998138
0.00116854
0.000954399
0.00114318
0.0011504
0.00106331
0.00102282
0.00121349
0.00114046
0.00111224
0.00100875
0.00102819
0.00107594
0.00100786
0.000918794
0.00100787
0.000979195
0.000994743
0.000989785
0.00102519
0.00102727
0.00102066
0.00105846
0.000974036
0.0010893
0.00100316
0.00106048
0.00119074
0.000815831
0.00096217
0.000811646
0.000981206
0.000917315
0.00112654
0.000940742
0.000971414
0.000994628
0.000917044
0.00118782
0.000968205
0.00123448
0.0012099
0.00109003
0.000974152
0.000999855
0.000897275
0.00109793
0.000942987
0.00114046
0.00106573
0.00105415
0.0011745
0.000952734
0.00105948
0.000838165
0.000969525
0.000954403
0.0010126
0.00086779
0.00103782
0.00104939
0.00092914
0.000969954
0.00103066
0.00104315
0.000981158
0.00106377
0.00105817
0.000976033
0.00114956
0.000967243
0.000918725
0.00102725
0.00106941
0.000977783
0.000891616
0.00109836
0.00120522
0.00100714
0.00136108
0.00103096
0.00099526
0.000934035
0.00100235
0.000958783
0.000729648
0.000974457
0.00107925
0.00116133
0.00107646
0.000919723
0.00113767
0.00112709
0.000973756
0.000999122
0.00104808
0.00110508
0.00109483
0.00111648
0.00115308
0.00108326
0.00103621
0.00104808
0.000856707
0.00124234
0.00105267
0.00102899
0.000963419
0.000913463
0.0010653
0.00101247
0.00113182
0.000989951
0.000973822
0.00102055
0.00109655
0.00108944
0.00112877
0.000883857
0.00103272
0.00097004
0.00106274
0.000986699
0.000969332
0.000954183
0.00101166
0.000988902
0.000974997
0.00100979
0.000932803
0.00109227
0.000944959
0.00105647
0.0010409
0.00102529
0.00108005
0.000991513
0.000954938
0.00100449
0.0010764
0.000909336
0.00104149
0.001047
0.00112282
0.00104525
0.00110958
0.00112839
0.000916465
0.00120456
0.00105832
0.00109121
0.0010379
0.00102416
0.00112265
0.00106739
0.00100616
0.000882948
0.00104005
0.00110889
0.00101018
0.00109135
0.00101845
0.00107005
0.00090708
0.00109696
0.0011575
0.00108607
0.000895054
0.00101043
0.00125667
0.000814553
0.00101716
0.00112034
0.00108474
0.00106661
0.00103496
0.00111597
0.00104259
0.000948425
0.00110026
0.00094388
0.000917882
0.00100987
0.00112187
0.000962927
0.00117391
0.000942902
0.00107804
0.0010262
0.00121097
0.000855273
0.000952848
0.000982015
0.00116743
0.0011932
0.00106811
0.000912881
0.00110467
0.000985013
0.000952639
0.00104898
0.00101742
0.000937787
0.00112128
0.00108726
0.00104745
0.000994274
0.00104279
0.00108264
0.000983629
0.00100486
0.000953177
0.00106904
0.00107272
0.000962428
0.00106439
0.00100683
0.00104316
0.00104848
0.00108196
0.000886689
0.00113474
0.00113804
0.00122278
0.00103801
0.00106284
0.00120117
0.000964909
0.0010826
0.00091323
0.00108967
0.000898977
0.00105621
0.00104928
0.00100283
0.00118816
0.00099872
0.00104229
0.000932847
0.000964491
0.00104096
0.00111162
0.000979238
0.000980487
0.00111797
0.00100884
0.000968402
0.00113472
0.000951859
0.00105703
0.000952261
0.000925401
0.000893086
0.000923048
0.00110958
0.00104536
0.000878601
0.00110879
0.0010113
0.00115598
0.00100994
0.000987184
0.00107998
0.000935058
0.000970727
0.00100127
0.0011734
0.00106891
0.00091188
0.00094557
0.00100117
0.000945651
0.000938843
0.00107299
0.000956016
0.00110907
0.000892517
0.000989051
0.000976068
0.001081
0.00102567
0.00124389
0.000921455
0.00118921
0.000970214
0.00109097
0.00106174
0.00102684
0.000901002
0.000916897
0.000919979
0.000966153
0.000895825
0.00108776
0.00105129
0.0009834
0.00104762
0.00102171
0.000938965
0.00119882
0.00103018
0.00119484
0.00101782
0.000959701
0.00112519
0.00116001
0.00105346
0.00101586
0.000997217
0.000975459
0.000927435
0.000940739
0.000925793
0.000962198
0.000915333
0.000948354
0.00106151
0.0009678
0.00117195
0.000965102
0.00108655
0.00081113
0.00109351
0.00100755
0.00115858
0.00111906
0.00102663
0.00110258
0.00110817
0.00112306
0.000959378
0.000854817
0.00104796
0.000994839
0.000875006
0.00105437
0.00115164
0.000913831
0.000807064
0.000895644
0.000952822
0.00107378
0.00108173
0.00106624
0.00101875
0.00094326
0.000936341
0.000980267
0.000958223
0.00085177
0.000991541
0.000974535
0.000924508
0.00115266
0.00104857
0.000936455
0.000989126
0.000974196
0.00101367
0.000987305
0.000975065
0.00116576
0.00108547
0.000961258
0.00112206
0.00101908
0.00102822
0.00104478
0.00107314
0.00111943
0.000915516
0.00100262
0.00111982
0.00101291
0.000973093
0.000932468
0.00101744
0.000991319
0.000978988
0.00103189
0.00107133
0.00113415
0.00105298
0.000940995
0.000995486
0.00101463
0.00102765
0.00105302
0.0010751
0.000992828
0.00117874
0.00111963
0.000859933
0.00103657
0.000968376
0.00116419
0.000953391
0.00114753
0.00092563
0.000978055
0.00111997
0.00103815
0.000942219
0.0011472
0.00110454
0.00108932
0.000998456
0.00104404
0.00105256
0.000955845
0.00094694
0.000997009
0.001029
0.000969073
0.00116522
0.0011116
0.00107385
0.000914401
0.000925725
0.000994252
0.000936168
0.001036
0.00106325
0.00108962
0.00124467
0.00105457
0.00102257
0.000983434
0.00115846
0.00121994
0.0010827
0.00106617
0.00101925
0.00126944
0.00109367
0.000974081
0.00117067
0.000979962
0.00094109
0.0010933
0.00103527
0.00100333
0.00102522
0.000840149
0.000962769
0.00105159
0.00111421
0.00105145
0.00115416
0.00118272
0.00108677
0.00101594
0.000971063
0.00093162
0.00106512
0.000974347
0.000974251
0.00097187
0.00115554
0.000997625
0.00110682
0.000903607
0.00107069
0.000887668
0.000981644
0.00106367
0.000916199
0.00112877
0.00101636
0.00103091
0.00121308
0.0009534
0.00116467
0.00102026
0.000928341
0.000994248
0.00102466
0.00108115
0.00104601
0.000893637
0.00104486
0.000972764
0.00093531
0.00107554
0.00106753
0.000940263
0.000955357
0.000981803
0.0010028
0.000903749
0.00103281
0.00114959
0.000864515
0.000959093
0.00110404
0.000963612
0.00107626
0.00106725
0.00105042
0.00117615
0.00115528
0.0010186
0.00100772
0.000992726
0.0010818
0.00101476
0.0010941
0.000933253
0.000993034
0.00113732
0.000949389
0.000947961
0.00106108
0.0009944
0.000977934
0.000884408
0.00100878
0.000992811
0.000901542
0.000941527
0.000883855
0.0011505
0.00108364
0.00105054
0.0010666
0.000891916
0.000982457
0.00104123
0.000968605
0.00109086
0.000976845
0.00103381
0.000967179
0.000971611
0.00103088
0.00109578
0.00107049
0.000999796
0.0010915
0.000992745
0.000941751
0.00103932
0.001018
0.00100813
0.00099912
0.000993933
0.000994101
0.00113847
0.00114299
0.00115688
0.00112275
0.000990447
0.0011602
0.000918107
0.00108673
0.00117333
0.00108084
0.000939487
0.00102627
0.00108979
0.000947712
0.00103943
0.000886488
0.000970897
0.000918191
0.00100743
0.00102405
0.0011799
0.00108781
0.00106615
0.0010568
0.00119275
0.000930257
0.00110484
0.00102509
0.00115485
0.00122106
0.00115102
0.000992388
0.000986468
0.00103187
0.000987539
0.000962902
0.0010289
0.000879357
0.00107648
0.00103684
0.00104898
0.00101904
0.000962906
0.000961507
0.000989962
0.00123473
0.00111907
0.00109331
0.000896177
0.000971905
0.000983957
0.000912641
0.00103818
0.00120127
0.00112209
0.000944006
0.00115156
0.00103213
0.00103327
0.000978929
0.00104221
0.00103377
0.00101528
0.00108317
0.00102597
0.00110071
0.00103966
0.00114074
0.00106887
0.00107823
0.0010078
0.000994909
0.000994875
0.00101483
0.00120609
0.0010985
0.00091511
0.00110115
0.00117337
0.00119395
0.000937257
0.000959522
0.000914293
0.00112156
0.00106047
0.001083
0.000808147
0.00121047
0.000915572
0.00105952
0.00103931
0.000943023
0.000932777
0.000973652
0.00105999
0.00103879
0.0010947
0.00117594
0.00110269
0.00106741
0.000981193
0.00118361
0.000929217
0.000957069
0.000896811
0.000985963
0.00120728
0.00114535
0.00105798
0.000751968
0.000969657
0.000985514
0.00114939
0.0010489
0.000842483
0.0010332
0.00104956
0.00105419
0.00098709
0.00104468
0.00123977
0.00100878
0.00100979
0.000995199
0.00102102
0.000963587
0.00108327
0.00108691
0.00112155
0.000988898
0.000880217
0.00100447
0.00110755
0.000927877
0.000934666
0.00124357
0.00104796
0.00104854
0.00105325
0.000943301
0.00105393
0.00127933
0.00105556
0.00103973
0.00107286
0.000987442
0.00108302
0.00106643
0.000887168
0.000884606
0.00109932
0.00103
0.00111399
0.0012001
0.000930229
0.00118368
0.00095261
0.000915781
0.00101332
0.00112357
0.000931397
0.0010769
0.00110264
0.00101
0.0010298
0.000916263
0.00115091
0.00104945
0.00105318
0.000966788
0.00103782
0.00125346
0.00101822
0.00109155
0.000991427
0.00093375
0.00103796
0.00102485
0.00119067
0.00136105
0.00109183
0.00096781
0.00100117
0.00103672
0.000950811
0.0011759
0.000995702
0.000929424
0.000930282
0.000943534
0.00102117
0.00104325
0.00113484
0.000869922
0.00104982
0.00110335
0.00103599
0.000977127
0.00117455
0.000941607
0.00122841
0.000988285
0.000872716
0.00101701
